13.1556 	WARNING 	TextStim.alignVert is deprecated. Use the anchorVert attribute instead
13.1556 	WARNING 	TextStim.alignHoriz is deprecated. Use alignText and anchorHoriz attributes instead
13.2765 	WARNING 	TextStim.alignVert is deprecated. Use the anchorVert attribute instead
13.2765 	WARNING 	TextStim.alignHoriz is deprecated. Use alignText and anchorHoriz attributes instead
13.3288 	WARNING 	TextStim.alignVert is deprecated. Use the anchorVert attribute instead
13.3288 	WARNING 	TextStim.alignHoriz is deprecated. Use alignText and anchorHoriz attributes instead
13.3795 	WARNING 	TextStim.alignVert is deprecated. Use the anchorVert attribute instead
13.3795 	WARNING 	TextStim.alignHoriz is deprecated. Use alignText and anchorHoriz attributes instead
14.8082 	DATA 	Mouse: Left button down, pos=(981,633)
14.9132 	DATA 	Mouse:  Left button up, pos=(981,633)
15.0471 	DATA 	Keypress: space
16.1277 	DATA 	Keypress: space
17.8567 	DATA 	Keypress: space
20.9872 	DATA 	Keypress: space
22.5678 	DATA 	Keypress: space
23.4170 	DATA 	Keypress: space
0.3643 	WARNING 	TextStim.alignVert is deprecated. Use the anchorVert attribute instead
0.3643 	WARNING 	TextStim.alignHoriz is deprecated. Use alignText and anchorHoriz attributes instead
0.4303 	WARNING 	TextStim.alignVert is deprecated. Use the anchorVert attribute instead
0.4303 	WARNING 	TextStim.alignHoriz is deprecated. Use alignText and anchorHoriz attributes instead
0.4644 	WARNING 	TextStim.alignVert is deprecated. Use the anchorVert attribute instead
0.4644 	WARNING 	TextStim.alignHoriz is deprecated. Use alignText and anchorHoriz attributes instead
0.5097 	WARNING 	TextStim.alignVert is deprecated. Use the anchorVert attribute instead
0.5097 	WARNING 	TextStim.alignHoriz is deprecated. Use alignText and anchorHoriz attributes instead
2.0585 	DATA 	Mouse: Left button down, pos=(1066,605)
2.1701 	DATA 	Mouse:  Left button up, pos=(1066,605)
2.2983 	DATA 	Keypress: space
3.8938 	DATA 	Mouse: Left button down, pos=(1066,605)
4.0002 	DATA 	Mouse:  Left button up, pos=(1066,605)
4.1584 	DATA 	Keypress: space
5.0180 	DATA 	Keypress: space
6.3177 	DATA 	Keypress: space
7.7785 	DATA 	Keypress: space
8.6081 	DATA 	Keypress: space
1.6412 	DATA 	Mouse: Left button down, pos=(1025,798)
1.7445 	DATA 	Mouse:  Left button up, pos=(1025,798)
2.1795 	DATA 	Keypress: space
3.1683 	DATA 	Keypress: space
9.3855 	DATA 	Mouse: Left button down, pos=(1062,774)
9.5263 	DATA 	Mouse:  Left button up, pos=(1062,774)
18.7618 	DATA 	Mouse: Left button down, pos=(1062,774)
18.9284 	DATA 	Mouse:  Left button up, pos=(1062,774)
30.9298 	DATA 	Mouse: Left button down, pos=(1062,774)
31.0962 	DATA 	Mouse:  Left button up, pos=(1062,774)
34.3118 	DATA 	Mouse: Left button down, pos=(1062,774)
34.4844 	DATA 	Mouse:  Left button up, pos=(1062,774)
34.6981 	DATA 	Keypress: space
38.4207 	DATA 	Mouse: Left button down, pos=(1121,765)
38.5848 	DATA 	Mouse:  Left button up, pos=(1121,765)
49.2758 	DATA 	Mouse: Left button down, pos=(1121,765)
49.4543 	DATA 	Mouse:  Left button up, pos=(1121,765)
58.5478 	DATA 	Mouse: Left button down, pos=(1121,765)
58.7285 	DATA 	Mouse:  Left button up, pos=(1121,765)
59.0785 	DATA 	Keypress: space
63.0680 	DATA 	Keypress: space
67.0686 	DATA 	Keypress: space
